  main.cpp
C:\Users\flash\Desktop\Yolo_mark\main.cpp(144,1): warning C4267:  “参数”: 从“size_t”转换到“int”，可能丢失数据
C:\Users\flash\Desktop\Yolo_mark\main.cpp(145,1): warning C4267:  “参数”: 从“size_t”转换到“int”，可能丢失数据
C:\Users\flash\Desktop\Yolo_mark\main.cpp(151,1): warning C4267:  “参数”: 从“size_t”转换到“int”，可能丢失数据
C:\Users\flash\Desktop\Yolo_mark\main.cpp(295,36): warning C4244:  “初始化”: 从“double”转换到“int”，可能丢失数据
C:\Users\flash\Desktop\Yolo_mark\main.cpp(295,27): warning C4244:  “初始化”: 从“double”转换到“const int”，可能丢失数据
C:\Users\flash\Desktop\Yolo_mark\main.cpp(303,48): warning C4244:  “=”: 从“unsigned long”转换到“float”，可能丢失数据
C:\Users\flash\Desktop\Yolo_mark\main.cpp(306,112): warning C4267:  “=”: 从“size_t”转换到“int”，可能丢失数据
C:\Users\flash\Desktop\Yolo_mark\main.cpp(354,88): warning C4267:  “=”: 从“size_t”转换到“int”，可能丢失数据
C:\Users\flash\Desktop\Yolo_mark\main.cpp(497,77): warning C4267:  “初始化”: 从“size_t”转换到“int”，可能丢失数据
C:\Users\flash\Desktop\Yolo_mark\main.cpp(497,77): warning C4267:  “初始化”: 从“size_t”转换到“const int”，可能丢失数据
C:\Users\flash\Desktop\Yolo_mark\main.cpp(570,62): warning C4267:  “初始化”: 从“size_t”转换到“int”，可能丢失数据
C:\Users\flash\Desktop\Yolo_mark\main.cpp(570,62): warning C4267:  “初始化”: 从“size_t”转换到“const int”，可能丢失数据
C:\Users\flash\Desktop\Yolo_mark\main.cpp(645,61): warning C4267:  “初始化”: 从“size_t”转换到“int”，可能丢失数据
C:\Users\flash\Desktop\Yolo_mark\main.cpp(645,61): warning C4267:  “初始化”: 从“size_t”转换到“const int”，可能丢失数据
C:\Users\flash\Desktop\Yolo_mark\main.cpp(706,40): warning C4244:  “初始化”: 从“float”转换到“int”，可能丢失数据
C:\Users\flash\Desktop\Yolo_mark\main.cpp(706,21): warning C4244:  “初始化”: 从“float”转换到“const int”，可能丢失数据
C:\Users\flash\Desktop\Yolo_mark\main.cpp(707,40): warning C4244:  “初始化”: 从“float”转换到“int”，可能丢失数据
C:\Users\flash\Desktop\Yolo_mark\main.cpp(707,21): warning C4244:  “初始化”: 从“float”转换到“const int”，可能丢失数据
C:\Users\flash\Desktop\Yolo_mark\main.cpp(814,40): warning C4267:  “=”: 从“size_t”转换到“int”，可能丢失数据
  正在生成代码
  Previous IPDB not found, fall back to full compilation.
  All 983 functions were compiled because no usable IPDB/IOBJ from previous compilation was found.
  已完成代码的生成
  yolo_mark.vcxproj -> C:\Users\flash\Desktop\Yolo_mark\x64\Release\yolo_mark.exe
